[30-Apr-2018 22:38:07 UTC] PHP Warning:  include(../dbConnection.php): failed to open stream: No such file or directory in /home/ubuntu/workspace/jzunigaruiz2/jzunigaruiz/lab10/api/getPetInfo.php on line 4
[30-Apr-2018 22:38:07 UTC] PHP Stack trace:
[30-Apr-2018 22:38:07 UTC] PHP   1. {main}() /home/ubuntu/workspace/jzunigaruiz2/jzunigaruiz/lab10/api/getPetInfo.php:0
[30-Apr-2018 22:38:07 UTC] PHP Warning:  include(): Failed opening '../dbConnection.php' for inclusion (include_path='.:/usr/share/php:/usr/share/pear') in /home/ubuntu/workspace/jzunigaruiz2/jzunigaruiz/lab10/api/getPetInfo.php on line 4
[30-Apr-2018 22:38:07 UTC] PHP Stack trace:
[30-Apr-2018 22:38:07 UTC] PHP   1. {main}() /home/ubuntu/workspace/jzunigaruiz2/jzunigaruiz/lab10/api/getPetInfo.php:0
[30-Apr-2018 22:38:07 UTC] PHP Fatal error:  Call to undefined function getDatabaseConnection() in /home/ubuntu/workspace/jzunigaruiz2/jzunigaruiz/lab10/api/getPetInfo.php on line 5
[30-Apr-2018 22:38:07 UTC] PHP Stack trace:
[30-Apr-2018 22:38:07 UTC] PHP   1. {main}() /home/ubuntu/workspace/jzunigaruiz2/jzunigaruiz/lab10/api/getPetInfo.php:0
[30-Apr-2018 22:38:08 UTC] PHP Warning:  include(../dbConnection.php): failed to open stream: No such file or directory in /home/ubuntu/workspace/jzunigaruiz2/jzunigaruiz/lab10/api/getPetInfo.php on line 4
[30-Apr-2018 22:38:08 UTC] PHP Stack trace:
[30-Apr-2018 22:38:08 UTC] PHP   1. {main}() /home/ubuntu/workspace/jzunigaruiz2/jzunigaruiz/lab10/api/getPetInfo.php:0
[30-Apr-2018 22:38:08 UTC] PHP Warning:  include(): Failed opening '../dbConnection.php' for inclusion (include_path='.:/usr/share/php:/usr/share/pear') in /home/ubuntu/workspace/jzunigaruiz2/jzunigaruiz/lab10/api/getPetInfo.php on line 4
[30-Apr-2018 22:38:08 UTC] PHP Stack trace:
[30-Apr-2018 22:38:08 UTC] PHP   1. {main}() /home/ubuntu/workspace/jzunigaruiz2/jzunigaruiz/lab10/api/getPetInfo.php:0
[30-Apr-2018 22:38:08 UTC] PHP Fatal error:  Call to undefined function getDatabaseConnection() in /home/ubuntu/workspace/jzunigaruiz2/jzunigaruiz/lab10/api/getPetInfo.php on line 5
[30-Apr-2018 22:38:08 UTC] PHP Stack trace:
[30-Apr-2018 22:38:08 UTC] PHP   1. {main}() /home/ubuntu/workspace/jzunigaruiz2/jzunigaruiz/lab10/api/getPetInfo.php:0
[30-Apr-2018 22:38:09 UTC] PHP Warning:  include(../dbConnection.php): failed to open stream: No such file or directory in /home/ubuntu/workspace/jzunigaruiz2/jzunigaruiz/lab10/api/getPetInfo.php on line 4
[30-Apr-2018 22:38:10 UTC] PHP Stack trace:
[30-Apr-2018 22:38:10 UTC] PHP   1. {main}() /home/ubuntu/workspace/jzunigaruiz2/jzunigaruiz/lab10/api/getPetInfo.php:0
[30-Apr-2018 22:38:10 UTC] PHP Warning:  include(): Failed opening '../dbConnection.php' for inclusion (include_path='.:/usr/share/php:/usr/share/pear') in /home/ubuntu/workspace/jzunigaruiz2/jzunigaruiz/lab10/api/getPetInfo.php on line 4
[30-Apr-2018 22:38:10 UTC] PHP Stack trace:
[30-Apr-2018 22:38:10 UTC] PHP   1. {main}() /home/ubuntu/workspace/jzunigaruiz2/jzunigaruiz/lab10/api/getPetInfo.php:0
[30-Apr-2018 22:38:10 UTC] PHP Fatal error:  Call to undefined function getDatabaseConnection() in /home/ubuntu/workspace/jzunigaruiz2/jzunigaruiz/lab10/api/getPetInfo.php on line 5
[30-Apr-2018 22:38:10 UTC] PHP Stack trace:
[30-Apr-2018 22:38:10 UTC] PHP   1. {main}() /home/ubuntu/workspace/jzunigaruiz2/jzunigaruiz/lab10/api/getPetInfo.php:0
[30-Apr-2018 22:38:11 UTC] PHP Warning:  include(../dbConnection.php): failed to open stream: No such file or directory in /home/ubuntu/workspace/jzunigaruiz2/jzunigaruiz/lab10/api/getPetInfo.php on line 4
[30-Apr-2018 22:38:11 UTC] PHP Stack trace:
[30-Apr-2018 22:38:11 UTC] PHP   1. {main}() /home/ubuntu/workspace/jzunigaruiz2/jzunigaruiz/lab10/api/getPetInfo.php:0
[30-Apr-2018 22:38:11 UTC] PHP Warning:  include(): Failed opening '../dbConnection.php' for inclusion (include_path='.:/usr/share/php:/usr/share/pear') in /home/ubuntu/workspace/jzunigaruiz2/jzunigaruiz/lab10/api/getPetInfo.php on line 4
[30-Apr-2018 22:38:11 UTC] PHP Stack trace:
[30-Apr-2018 22:38:11 UTC] PHP   1. {main}() /home/ubuntu/workspace/jzunigaruiz2/jzunigaruiz/lab10/api/getPetInfo.php:0
[30-Apr-2018 22:38:11 UTC] PHP Fatal error:  Call to undefined function getDatabaseConnection() in /home/ubuntu/workspace/jzunigaruiz2/jzunigaruiz/lab10/api/getPetInfo.php on line 5
[30-Apr-2018 22:38:11 UTC] PHP Stack trace:
[30-Apr-2018 22:38:11 UTC] PHP   1. {main}() /home/ubuntu/workspace/jzunigaruiz2/jzunigaruiz/lab10/api/getPetInfo.php:0
[30-Apr-2018 22:38:32 UTC] PHP Warning:  include(../../../dbConnection.php): failed to open stream: No such file or directory in /home/ubuntu/workspace/jzunigaruiz2/jzunigaruiz/lab10/api/getPetInfo.php on line 4
[30-Apr-2018 22:38:32 UTC] PHP Stack trace:
[30-Apr-2018 22:38:32 UTC] PHP   1. {main}() /home/ubuntu/workspace/jzunigaruiz2/jzunigaruiz/lab10/api/getPetInfo.php:0
[30-Apr-2018 22:38:32 UTC] PHP Warning:  include(): Failed opening '../../../dbConnection.php' for inclusion (include_path='.:/usr/share/php:/usr/share/pear') in /home/ubuntu/workspace/jzunigaruiz2/jzunigaruiz/lab10/api/getPetInfo.php on line 4
[30-Apr-2018 22:38:32 UTC] PHP Stack trace:
[30-Apr-2018 22:38:32 UTC] PHP   1. {main}() /home/ubuntu/workspace/jzunigaruiz2/jzunigaruiz/lab10/api/getPetInfo.php:0
[30-Apr-2018 22:38:32 UTC] PHP Fatal error:  Call to undefined function getDatabaseConnection() in /home/ubuntu/workspace/jzunigaruiz2/jzunigaruiz/lab10/api/getPetInfo.php on line 5
[30-Apr-2018 22:38:32 UTC] PHP Stack trace:
[30-Apr-2018 22:38:32 UTC] PHP   1. {main}() /home/ubuntu/workspace/jzunigaruiz2/jzunigaruiz/lab10/api/getPetInfo.php:0
[30-Apr-2018 22:38:33 UTC] PHP Warning:  include(../../../dbConnection.php): failed to open stream: No such file or directory in /home/ubuntu/workspace/jzunigaruiz2/jzunigaruiz/lab10/api/getPetInfo.php on line 4
[30-Apr-2018 22:38:33 UTC] PHP Stack trace:
[30-Apr-2018 22:38:33 UTC] PHP   1. {main}() /home/ubuntu/workspace/jzunigaruiz2/jzunigaruiz/lab10/api/getPetInfo.php:0
[30-Apr-2018 22:38:33 UTC] PHP Warning:  include(): Failed opening '../../../dbConnection.php' for inclusion (include_path='.:/usr/share/php:/usr/share/pear') in /home/ubuntu/workspace/jzunigaruiz2/jzunigaruiz/lab10/api/getPetInfo.php on line 4
[30-Apr-2018 22:38:33 UTC] PHP Stack trace:
[30-Apr-2018 22:38:33 UTC] PHP   1. {main}() /home/ubuntu/workspace/jzunigaruiz2/jzunigaruiz/lab10/api/getPetInfo.php:0
[30-Apr-2018 22:38:33 UTC] PHP Fatal error:  Call to undefined function getDatabaseConnection() in /home/ubuntu/workspace/jzunigaruiz2/jzunigaruiz/lab10/api/getPetInfo.php on line 5
[30-Apr-2018 22:38:33 UTC] PHP Stack trace:
[30-Apr-2018 22:38:33 UTC] PHP   1. {main}() /home/ubuntu/workspace/jzunigaruiz2/jzunigaruiz/lab10/api/getPetInfo.php:0
