[07-Feb-2018 23:02:45 UTC] PHP Parse error:  syntax error, unexpected '");"' (T_CONSTANT_ENCAPSED_STRING), expecting ',' or ';' in /home/ubuntu/workspace/jzunigaruiz/Practice/randomColor.php on line 15
[07-Feb-2018 23:03:12 UTC] PHP Parse error:  syntax error, unexpected '");"' (T_CONSTANT_ENCAPSED_STRING), expecting ',' or ';' in /home/ubuntu/workspace/jzunigaruiz/Practice/randomColor.php on line 12
[21-Feb-2018 19:21:18 UTC] PHP Fatal error:  Call to undefined function displayPoints() in /home/ubuntu/workspace/jzunigaruiz/hw2/index.php on line 38
[21-Feb-2018 19:21:18 UTC] PHP Stack trace:
[21-Feb-2018 19:21:18 UTC] PHP   1. {main}() /home/ubuntu/workspace/jzunigaruiz/hw2/index.php:0
[21-Feb-2018 19:21:27 UTC] PHP Fatal error:  Call to undefined function displayPoints() in /home/ubuntu/workspace/jzunigaruiz/hw2/index.php on line 38
[21-Feb-2018 19:21:27 UTC] PHP Stack trace:
[21-Feb-2018 19:21:27 UTC] PHP   1. {main}() /home/ubuntu/workspace/jzunigaruiz/hw2/index.php:0
[21-Feb-2018 19:21:30 UTC] PHP Fatal error:  Call to undefined function displayPoints() in /home/ubuntu/workspace/jzunigaruiz/hw2/index.php on line 38
[21-Feb-2018 19:21:30 UTC] PHP Stack trace:
[21-Feb-2018 19:21:30 UTC] PHP   1. {main}() /home/ubuntu/workspace/jzunigaruiz/hw2/index.php:0
[21-Feb-2018 19:21:32 UTC] PHP Fatal error:  Call to undefined function displayPoints() in /home/ubuntu/workspace/jzunigaruiz/hw2/index.php on line 38
[21-Feb-2018 19:21:32 UTC] PHP Stack trace:
[21-Feb-2018 19:21:32 UTC] PHP   1. {main}() /home/ubuntu/workspace/jzunigaruiz/hw2/index.php:0
[21-Feb-2018 19:21:34 UTC] PHP Fatal error:  Call to undefined function displayPoints() in /home/ubuntu/workspace/jzunigaruiz/hw2/index.php on line 38
[21-Feb-2018 19:21:34 UTC] PHP Stack trace:
[21-Feb-2018 19:21:34 UTC] PHP   1. {main}() /home/ubuntu/workspace/jzunigaruiz/hw2/index.php:0
[21-Feb-2018 19:21:37 UTC] PHP Fatal error:  Call to undefined function displayPoints() in /home/ubuntu/workspace/jzunigaruiz/hw2/index.php on line 38
[21-Feb-2018 19:21:37 UTC] PHP Stack trace:
[21-Feb-2018 19:21:37 UTC] PHP   1. {main}() /home/ubuntu/workspace/jzunigaruiz/hw2/index.php:0
[21-Feb-2018 19:35:54 UTC] PHP Warning:  Missing argument 2 for displaySymbol(), called in /home/ubuntu/workspace/jzunigaruiz/hw2/index.php on line 36 and defined in /home/ubuntu/workspace/jzunigaruiz/hw2/index.php on line 11
[21-Feb-2018 19:35:54 UTC] PHP Stack trace:
[21-Feb-2018 19:35:54 UTC] PHP   1. {main}() /home/ubuntu/workspace/jzunigaruiz/hw2/index.php:0
[21-Feb-2018 19:35:54 UTC] PHP   2. displaySymbol() /home/ubuntu/workspace/jzunigaruiz/hw2/index.php:36
[21-Feb-2018 19:35:54 UTC] PHP Warning:  Missing argument 2 for displaySymbol(), called in /home/ubuntu/workspace/jzunigaruiz/hw2/index.php on line 36 and defined in /home/ubuntu/workspace/jzunigaruiz/hw2/index.php on line 11
[21-Feb-2018 19:35:54 UTC] PHP Stack trace:
[21-Feb-2018 19:35:54 UTC] PHP   1. {main}() /home/ubuntu/workspace/jzunigaruiz/hw2/index.php:0
[21-Feb-2018 19:35:54 UTC] PHP   2. displaySymbol() /home/ubuntu/workspace/jzunigaruiz/hw2/index.php:36
[21-Feb-2018 19:35:54 UTC] PHP Warning:  Missing argument 2 for displaySymbol(), called in /home/ubuntu/workspace/jzunigaruiz/hw2/index.php on line 36 and defined in /home/ubuntu/workspace/jzunigaruiz/hw2/index.php on line 11
[21-Feb-2018 19:35:54 UTC] PHP Stack trace:
[21-Feb-2018 19:35:54 UTC] PHP   1. {main}() /home/ubuntu/workspace/jzunigaruiz/hw2/index.php:0
[21-Feb-2018 19:35:54 UTC] PHP   2. displaySymbol() /home/ubuntu/workspace/jzunigaruiz/hw2/index.php:36
[21-Feb-2018 19:35:54 UTC] PHP Warning:  Missing argument 2 for displaySymbol(), called in /home/ubuntu/workspace/jzunigaruiz/hw2/index.php on line 36 and defined in /home/ubuntu/workspace/jzunigaruiz/hw2/index.php on line 11
[21-Feb-2018 19:35:54 UTC] PHP Stack trace:
[21-Feb-2018 19:35:54 UTC] PHP   1. {main}() /home/ubuntu/workspace/jzunigaruiz/hw2/index.php:0
[21-Feb-2018 19:35:54 UTC] PHP   2. displaySymbol() /home/ubuntu/workspace/jzunigaruiz/hw2/index.php:36
[21-Feb-2018 19:35:54 UTC] PHP Warning:  Missing argument 2 for displaySymbol(), called in /home/ubuntu/workspace/jzunigaruiz/hw2/index.php on line 36 and defined in /home/ubuntu/workspace/jzunigaruiz/hw2/index.php on line 11
[21-Feb-2018 19:35:54 UTC] PHP Stack trace:
[21-Feb-2018 19:35:54 UTC] PHP   1. {main}() /home/ubuntu/workspace/jzunigaruiz/hw2/index.php:0
[21-Feb-2018 19:35:54 UTC] PHP   2. displaySymbol() /home/ubuntu/workspace/jzunigaruiz/hw2/index.php:36
[21-Feb-2018 19:35:55 UTC] PHP Warning:  Missing argument 2 for displaySymbol(), called in /home/ubuntu/workspace/jzunigaruiz/hw2/index.php on line 36 and defined in /home/ubuntu/workspace/jzunigaruiz/hw2/index.php on line 11
[21-Feb-2018 19:35:55 UTC] PHP Stack trace:
[21-Feb-2018 19:35:55 UTC] PHP   1. {main}() /home/ubuntu/workspace/jzunigaruiz/hw2/index.php:0
[21-Feb-2018 19:35:55 UTC] PHP   2. displaySymbol() /home/ubuntu/workspace/jzunigaruiz/hw2/index.php:36
[21-Feb-2018 19:35:55 UTC] PHP Warning:  Missing argument 2 for displaySymbol(), called in /home/ubuntu/workspace/jzunigaruiz/hw2/index.php on line 36 and defined in /home/ubuntu/workspace/jzunigaruiz/hw2/index.php on line 11
[21-Feb-2018 19:35:55 UTC] PHP Stack trace:
[21-Feb-2018 19:35:55 UTC] PHP   1. {main}() /home/ubuntu/workspace/jzunigaruiz/hw2/index.php:0
[21-Feb-2018 19:35:55 UTC] PHP   2. displaySymbol() /home/ubuntu/workspace/jzunigaruiz/hw2/index.php:36
[21-Feb-2018 19:35:55 UTC] PHP Warning:  Missing argument 2 for displaySymbol(), called in /home/ubuntu/workspace/jzunigaruiz/hw2/index.php on line 36 and defined in /home/ubuntu/workspace/jzunigaruiz/hw2/index.php on line 11
[21-Feb-2018 19:35:55 UTC] PHP Stack trace:
[21-Feb-2018 19:35:55 UTC] PHP   1. {main}() /home/ubuntu/workspace/jzunigaruiz/hw2/index.php:0
[21-Feb-2018 19:35:55 UTC] PHP   2. displaySymbol() /home/ubuntu/workspace/jzunigaruiz/hw2/index.php:36
[21-Feb-2018 19:35:55 UTC] PHP Warning:  Missing argument 2 for displaySymbol(), called in /home/ubuntu/workspace/jzunigaruiz/hw2/index.php on line 36 and defined in /home/ubuntu/workspace/jzunigaruiz/hw2/index.php on line 11
[21-Feb-2018 19:35:55 UTC] PHP Stack trace:
[21-Feb-2018 19:35:55 UTC] PHP   1. {main}() /home/ubuntu/workspace/jzunigaruiz/hw2/index.php:0
[21-Feb-2018 19:35:55 UTC] PHP   2. displaySymbol() /home/ubuntu/workspace/jzunigaruiz/hw2/index.php:36
[21-Feb-2018 19:35:55 UTC] PHP Warning:  Missing argument 2 for displaySymbol(), called in /home/ubuntu/workspace/jzunigaruiz/hw2/index.php on line 36 and defined in /home/ubuntu/workspace/jzunigaruiz/hw2/index.php on line 11
[21-Feb-2018 19:35:55 UTC] PHP Stack trace:
[21-Feb-2018 19:35:55 UTC] PHP   1. {main}() /home/ubuntu/workspace/jzunigaruiz/hw2/index.php:0
[21-Feb-2018 19:35:55 UTC] PHP   2. displaySymbol() /home/ubuntu/workspace/jzunigaruiz/hw2/index.php:36
[21-Feb-2018 19:38:03 UTC] PHP Parse error:  syntax error, unexpected '"});' (T_CONSTANT_ENCAPSED_STRING) in /home/ubuntu/workspace/jzunigaruiz/hw2/index.php on line 41
[21-Feb-2018 19:38:04 UTC] PHP Parse error:  syntax error, unexpected '"});' (T_CONSTANT_ENCAPSED_STRING) in /home/ubuntu/workspace/jzunigaruiz/hw2/index.php on line 41
[21-Feb-2018 19:38:04 UTC] PHP Parse error:  syntax error, unexpected '"});' (T_CONSTANT_ENCAPSED_STRING) in /home/ubuntu/workspace/jzunigaruiz/hw2/index.php on line 41
[21-Feb-2018 19:38:05 UTC] PHP Parse error:  syntax error, unexpected '"});' (T_CONSTANT_ENCAPSED_STRING) in /home/ubuntu/workspace/jzunigaruiz/hw2/index.php on line 41
[21-Feb-2018 19:38:46 UTC] PHP Warning:  Missing argument 2 for displaySymbol(), called in /home/ubuntu/workspace/jzunigaruiz/hw2/index.php on line 36 and defined in /home/ubuntu/workspace/jzunigaruiz/hw2/index.php on line 11
[21-Feb-2018 19:38:46 UTC] PHP Stack trace:
[21-Feb-2018 19:38:46 UTC] PHP   1. {main}() /home/ubuntu/workspace/jzunigaruiz/hw2/index.php:0
[21-Feb-2018 19:38:46 UTC] PHP   2. displaySymbol() /home/ubuntu/workspace/jzunigaruiz/hw2/index.php:36
[21-Feb-2018 19:38:46 UTC] PHP Warning:  Missing argument 2 for displaySymbol(), called in /home/ubuntu/workspace/jzunigaruiz/hw2/index.php on line 36 and defined in /home/ubuntu/workspace/jzunigaruiz/hw2/index.php on line 11
[21-Feb-2018 19:38:46 UTC] PHP Stack trace:
[21-Feb-2018 19:38:46 UTC] PHP   1. {main}() /home/ubuntu/workspace/jzunigaruiz/hw2/index.php:0
[21-Feb-2018 19:38:46 UTC] PHP   2. displaySymbol() /home/ubuntu/workspace/jzunigaruiz/hw2/index.php:36
[21-Feb-2018 19:38:46 UTC] PHP Warning:  Missing argument 2 for displaySymbol(), called in /home/ubuntu/workspace/jzunigaruiz/hw2/index.php on line 36 and defined in /home/ubuntu/workspace/jzunigaruiz/hw2/index.php on line 11
[21-Feb-2018 19:38:46 UTC] PHP Stack trace:
[21-Feb-2018 19:38:46 UTC] PHP   1. {main}() /home/ubuntu/workspace/jzunigaruiz/hw2/index.php:0
[21-Feb-2018 19:38:46 UTC] PHP   2. displaySymbol() /home/ubuntu/workspace/jzunigaruiz/hw2/index.php:36
[21-Feb-2018 19:38:46 UTC] PHP Warning:  Missing argument 2 for displaySymbol(), called in /home/ubuntu/workspace/jzunigaruiz/hw2/index.php on line 36 and defined in /home/ubuntu/workspace/jzunigaruiz/hw2/index.php on line 11
[21-Feb-2018 19:38:46 UTC] PHP Stack trace:
[21-Feb-2018 19:38:46 UTC] PHP   1. {main}() /home/ubuntu/workspace/jzunigaruiz/hw2/index.php:0
[21-Feb-2018 19:38:46 UTC] PHP   2. displaySymbol() /home/ubuntu/workspace/jzunigaruiz/hw2/index.php:36
[21-Feb-2018 19:38:46 UTC] PHP Warning:  Missing argument 2 for displaySymbol(), called in /home/ubuntu/workspace/jzunigaruiz/hw2/index.php on line 36 and defined in /home/ubuntu/workspace/jzunigaruiz/hw2/index.php on line 11
[21-Feb-2018 19:38:46 UTC] PHP Stack trace:
[21-Feb-2018 19:38:46 UTC] PHP   1. {main}() /home/ubuntu/workspace/jzunigaruiz/hw2/index.php:0
[21-Feb-2018 19:38:46 UTC] PHP   2. displaySymbol() /home/ubuntu/workspace/jzunigaruiz/hw2/index.php:36
[21-Feb-2018 19:38:47 UTC] PHP Warning:  Missing argument 2 for displaySymbol(), called in /home/ubuntu/workspace/jzunigaruiz/hw2/index.php on line 36 and defined in /home/ubuntu/workspace/jzunigaruiz/hw2/index.php on line 11
[21-Feb-2018 19:38:47 UTC] PHP Stack trace:
[21-Feb-2018 19:38:47 UTC] PHP   1. {main}() /home/ubuntu/workspace/jzunigaruiz/hw2/index.php:0
[21-Feb-2018 19:38:47 UTC] PHP   2. displaySymbol() /home/ubuntu/workspace/jzunigaruiz/hw2/index.php:36
[21-Feb-2018 19:38:47 UTC] PHP Warning:  Missing argument 2 for displaySymbol(), called in /home/ubuntu/workspace/jzunigaruiz/hw2/index.php on line 36 and defined in /home/ubuntu/workspace/jzunigaruiz/hw2/index.php on line 11
[21-Feb-2018 19:38:47 UTC] PHP Stack trace:
[21-Feb-2018 19:38:47 UTC] PHP   1. {main}() /home/ubuntu/workspace/jzunigaruiz/hw2/index.php:0
[21-Feb-2018 19:38:47 UTC] PHP   2. displaySymbol() /home/ubuntu/workspace/jzunigaruiz/hw2/index.php:36
[21-Feb-2018 19:38:47 UTC] PHP Warning:  Missing argument 2 for displaySymbol(), called in /home/ubuntu/workspace/jzunigaruiz/hw2/index.php on line 36 and defined in /home/ubuntu/workspace/jzunigaruiz/hw2/index.php on line 11
[21-Feb-2018 19:38:47 UTC] PHP Stack trace:
[21-Feb-2018 19:38:47 UTC] PHP   1. {main}() /home/ubuntu/workspace/jzunigaruiz/hw2/index.php:0
[21-Feb-2018 19:38:47 UTC] PHP   2. displaySymbol() /home/ubuntu/workspace/jzunigaruiz/hw2/index.php:36
[21-Feb-2018 19:38:47 UTC] PHP Warning:  Missing argument 2 for displaySymbol(), called in /home/ubuntu/workspace/jzunigaruiz/hw2/index.php on line 36 and defined in /home/ubuntu/workspace/jzunigaruiz/hw2/index.php on line 11
[21-Feb-2018 19:38:47 UTC] PHP Stack trace:
[21-Feb-2018 19:38:47 UTC] PHP   1. {main}() /home/ubuntu/workspace/jzunigaruiz/hw2/index.php:0
[21-Feb-2018 19:38:47 UTC] PHP   2. displaySymbol() /home/ubuntu/workspace/jzunigaruiz/hw2/index.php:36
[21-Feb-2018 19:38:47 UTC] PHP Warning:  Missing argument 2 for displaySymbol(), called in /home/ubuntu/workspace/jzunigaruiz/hw2/index.php on line 36 and defined in /home/ubuntu/workspace/jzunigaruiz/hw2/index.php on line 11
[21-Feb-2018 19:38:47 UTC] PHP Stack trace:
[21-Feb-2018 19:38:47 UTC] PHP   1. {main}() /home/ubuntu/workspace/jzunigaruiz/hw2/index.php:0
[21-Feb-2018 19:38:47 UTC] PHP   2. displaySymbol() /home/ubuntu/workspace/jzunigaruiz/hw2/index.php:36
[21-Feb-2018 19:41:56 UTC] PHP Warning:  Missing argument 2 for displaySymbol(), called in /home/ubuntu/workspace/jzunigaruiz/hw2/index.php on line 36 and defined in /home/ubuntu/workspace/jzunigaruiz/hw2/index.php on line 11
[21-Feb-2018 19:41:56 UTC] PHP Stack trace:
[21-Feb-2018 19:41:56 UTC] PHP   1. {main}() /home/ubuntu/workspace/jzunigaruiz/hw2/index.php:0
[21-Feb-2018 19:41:56 UTC] PHP   2. displaySymbol() /home/ubuntu/workspace/jzunigaruiz/hw2/index.php:36
[21-Feb-2018 19:41:56 UTC] PHP Warning:  Missing argument 2 for displaySymbol(), called in /home/ubuntu/workspace/jzunigaruiz/hw2/index.php on line 36 and defined in /home/ubuntu/workspace/jzunigaruiz/hw2/index.php on line 11
[21-Feb-2018 19:41:56 UTC] PHP Stack trace:
[21-Feb-2018 19:41:56 UTC] PHP   1. {main}() /home/ubuntu/workspace/jzunigaruiz/hw2/index.php:0
[21-Feb-2018 19:41:56 UTC] PHP   2. displaySymbol() /home/ubuntu/workspace/jzunigaruiz/hw2/index.php:36
[21-Feb-2018 19:41:56 UTC] PHP Warning:  Missing argument 2 for displaySymbol(), called in /home/ubuntu/workspace/jzunigaruiz/hw2/index.php on line 36 and defined in /home/ubuntu/workspace/jzunigaruiz/hw2/index.php on line 11
[21-Feb-2018 19:41:56 UTC] PHP Stack trace:
[21-Feb-2018 19:41:56 UTC] PHP   1. {main}() /home/ubuntu/workspace/jzunigaruiz/hw2/index.php:0
[21-Feb-2018 19:41:56 UTC] PHP   2. displaySymbol() /home/ubuntu/workspace/jzunigaruiz/hw2/index.php:36
[21-Feb-2018 19:41:56 UTC] PHP Warning:  Missing argument 2 for displaySymbol(), called in /home/ubuntu/workspace/jzunigaruiz/hw2/index.php on line 36 and defined in /home/ubuntu/workspace/jzunigaruiz/hw2/index.php on line 11
[21-Feb-2018 19:41:56 UTC] PHP Stack trace:
[21-Feb-2018 19:41:56 UTC] PHP   1. {main}() /home/ubuntu/workspace/jzunigaruiz/hw2/index.php:0
[21-Feb-2018 19:41:56 UTC] PHP   2. displaySymbol() /home/ubuntu/workspace/jzunigaruiz/hw2/index.php:36
[21-Feb-2018 19:41:56 UTC] PHP Warning:  Missing argument 2 for displaySymbol(), called in /home/ubuntu/workspace/jzunigaruiz/hw2/index.php on line 36 and defined in /home/ubuntu/workspace/jzunigaruiz/hw2/index.php on line 11
[21-Feb-2018 19:41:56 UTC] PHP Stack trace:
[21-Feb-2018 19:41:56 UTC] PHP   1. {main}() /home/ubuntu/workspace/jzunigaruiz/hw2/index.php:0
[21-Feb-2018 19:41:56 UTC] PHP   2. displaySymbol() /home/ubuntu/workspace/jzunigaruiz/hw2/index.php:36
[21-Feb-2018 19:41:57 UTC] PHP Warning:  Missing argument 2 for displaySymbol(), called in /home/ubuntu/workspace/jzunigaruiz/hw2/index.php on line 36 and defined in /home/ubuntu/workspace/jzunigaruiz/hw2/index.php on line 11
[21-Feb-2018 19:41:57 UTC] PHP Stack trace:
[21-Feb-2018 19:41:57 UTC] PHP   1. {main}() /home/ubuntu/workspace/jzunigaruiz/hw2/index.php:0
[21-Feb-2018 19:41:57 UTC] PHP   2. displaySymbol() /home/ubuntu/workspace/jzunigaruiz/hw2/index.php:36
[21-Feb-2018 19:41:57 UTC] PHP Warning:  Missing argument 2 for displaySymbol(), called in /home/ubuntu/workspace/jzunigaruiz/hw2/index.php on line 36 and defined in /home/ubuntu/workspace/jzunigaruiz/hw2/index.php on line 11
[21-Feb-2018 19:41:57 UTC] PHP Stack trace:
[21-Feb-2018 19:41:57 UTC] PHP   1. {main}() /home/ubuntu/workspace/jzunigaruiz/hw2/index.php:0
[21-Feb-2018 19:41:57 UTC] PHP   2. displaySymbol() /home/ubuntu/workspace/jzunigaruiz/hw2/index.php:36
[21-Feb-2018 19:41:57 UTC] PHP Warning:  Missing argument 2 for displaySymbol(), called in /home/ubuntu/workspace/jzunigaruiz/hw2/index.php on line 36 and defined in /home/ubuntu/workspace/jzunigaruiz/hw2/index.php on line 11
[21-Feb-2018 19:41:57 UTC] PHP Stack trace:
[21-Feb-2018 19:41:57 UTC] PHP   1. {main}() /home/ubuntu/workspace/jzunigaruiz/hw2/index.php:0
[21-Feb-2018 19:41:57 UTC] PHP   2. displaySymbol() /home/ubuntu/workspace/jzunigaruiz/hw2/index.php:36
[21-Feb-2018 19:41:57 UTC] PHP Warning:  Missing argument 2 for displaySymbol(), called in /home/ubuntu/workspace/jzunigaruiz/hw2/index.php on line 36 and defined in /home/ubuntu/workspace/jzunigaruiz/hw2/index.php on line 11
[21-Feb-2018 19:41:57 UTC] PHP Stack trace:
[21-Feb-2018 19:41:57 UTC] PHP   1. {main}() /home/ubuntu/workspace/jzunigaruiz/hw2/index.php:0
[21-Feb-2018 19:41:57 UTC] PHP   2. displaySymbol() /home/ubuntu/workspace/jzunigaruiz/hw2/index.php:36
[21-Feb-2018 19:41:57 UTC] PHP Warning:  Missing argument 2 for displaySymbol(), called in /home/ubuntu/workspace/jzunigaruiz/hw2/index.php on line 36 and defined in /home/ubuntu/workspace/jzunigaruiz/hw2/index.php on line 11
[21-Feb-2018 19:41:57 UTC] PHP Stack trace:
[21-Feb-2018 19:41:57 UTC] PHP   1. {main}() /home/ubuntu/workspace/jzunigaruiz/hw2/index.php:0
[21-Feb-2018 19:41:57 UTC] PHP   2. displaySymbol() /home/ubuntu/workspace/jzunigaruiz/hw2/index.php:36
