[07-Feb-2018 22:27:09 UTC] PHP Parse error:  syntax error, unexpected '++' (T_INC), expecting ')' in /home/ubuntu/workspace/jzunigaruiz/Lab2/777/index.php on line 14
[07-Feb-2018 22:27:12 UTC] PHP Parse error:  syntax error, unexpected '++' (T_INC), expecting ')' in /home/ubuntu/workspace/jzunigaruiz/Lab2/777/index.php on line 14
[07-Feb-2018 22:27:34 UTC] PHP Parse error:  syntax error, unexpected '}' in /home/ubuntu/workspace/jzunigaruiz/Lab2/777/index.php on line 19
[07-Feb-2018 22:27:51 UTC] PHP Fatal error:  Call to undefined function displaySymbol() in /home/ubuntu/workspace/jzunigaruiz/Lab2/777/index.php on line 9
[07-Feb-2018 22:27:51 UTC] PHP Stack trace:
[07-Feb-2018 22:27:51 UTC] PHP   1. {main}() /home/ubuntu/workspace/jzunigaruiz/Lab2/777/index.php:0
[07-Feb-2018 22:28:28 UTC] PHP Fatal error:  Call to undefined function displaySymbol() in /home/ubuntu/workspace/jzunigaruiz/Lab2/777/index.php on line 9
[07-Feb-2018 22:28:28 UTC] PHP Stack trace:
[07-Feb-2018 22:28:28 UTC] PHP   1. {main}() /home/ubuntu/workspace/jzunigaruiz/Lab2/777/index.php:0
[07-Feb-2018 22:29:10 UTC] PHP Fatal error:  Call to undefined function displaySymbol() in /home/ubuntu/workspace/jzunigaruiz/Lab2/777/index.php on line 11
[07-Feb-2018 22:29:10 UTC] PHP Stack trace:
[07-Feb-2018 22:29:10 UTC] PHP   1. {main}() /home/ubuntu/workspace/jzunigaruiz/Lab2/777/index.php:0
[17-Feb-2018 08:17:08 UTC] PHP Warning:  include(inc/functions.php): failed to open stream: No such file or directory in /home/ubuntu/workspace/jzunigaruiz/Lab2/777/index.php on line 10
[17-Feb-2018 08:17:08 UTC] PHP Stack trace:
[17-Feb-2018 08:17:08 UTC] PHP   1. {main}() /home/ubuntu/workspace/jzunigaruiz/Lab2/777/index.php:0
[17-Feb-2018 08:17:08 UTC] PHP Warning:  include(): Failed opening 'inc/functions.php' for inclusion (include_path='.:/usr/share/php:/usr/share/pear') in /home/ubuntu/workspace/jzunigaruiz/Lab2/777/index.php on line 10
[17-Feb-2018 08:17:08 UTC] PHP Stack trace:
[17-Feb-2018 08:17:08 UTC] PHP   1. {main}() /home/ubuntu/workspace/jzunigaruiz/Lab2/777/index.php:0
[17-Feb-2018 08:17:08 UTC] PHP Fatal error:  Call to undefined function play() in /home/ubuntu/workspace/jzunigaruiz/Lab2/777/index.php on line 12
[17-Feb-2018 08:17:08 UTC] PHP Stack trace:
[17-Feb-2018 08:17:08 UTC] PHP   1. {main}() /home/ubuntu/workspace/jzunigaruiz/Lab2/777/index.php:0
[17-Feb-2018 08:17:11 UTC] PHP Warning:  include(inc/functions.php): failed to open stream: No such file or directory in /home/ubuntu/workspace/jzunigaruiz/Lab2/777/index.php on line 10
[17-Feb-2018 08:17:11 UTC] PHP Stack trace:
[17-Feb-2018 08:17:11 UTC] PHP   1. {main}() /home/ubuntu/workspace/jzunigaruiz/Lab2/777/index.php:0
[17-Feb-2018 08:17:11 UTC] PHP Warning:  include(): Failed opening 'inc/functions.php' for inclusion (include_path='.:/usr/share/php:/usr/share/pear') in /home/ubuntu/workspace/jzunigaruiz/Lab2/777/index.php on line 10
[17-Feb-2018 08:17:11 UTC] PHP Stack trace:
[17-Feb-2018 08:17:11 UTC] PHP   1. {main}() /home/ubuntu/workspace/jzunigaruiz/Lab2/777/index.php:0
[17-Feb-2018 08:17:11 UTC] PHP Fatal error:  Call to undefined function play() in /home/ubuntu/workspace/jzunigaruiz/Lab2/777/index.php on line 12
[17-Feb-2018 08:17:11 UTC] PHP Stack trace:
[17-Feb-2018 08:17:11 UTC] PHP   1. {main}() /home/ubuntu/workspace/jzunigaruiz/Lab2/777/index.php:0
[17-Feb-2018 08:18:00 UTC] PHP Warning:  include(inc/functions.php): failed to open stream: No such file or directory in /home/ubuntu/workspace/jzunigaruiz/Lab2/777/index.php on line 10
[17-Feb-2018 08:18:00 UTC] PHP Stack trace:
[17-Feb-2018 08:18:00 UTC] PHP   1. {main}() /home/ubuntu/workspace/jzunigaruiz/Lab2/777/index.php:0
[17-Feb-2018 08:18:00 UTC] PHP Warning:  include(): Failed opening 'inc/functions.php' for inclusion (include_path='.:/usr/share/php:/usr/share/pear') in /home/ubuntu/workspace/jzunigaruiz/Lab2/777/index.php on line 10
[17-Feb-2018 08:18:00 UTC] PHP Stack trace:
[17-Feb-2018 08:18:00 UTC] PHP   1. {main}() /home/ubuntu/workspace/jzunigaruiz/Lab2/777/index.php:0
[17-Feb-2018 08:18:00 UTC] PHP Fatal error:  Call to undefined function play() in /home/ubuntu/workspace/jzunigaruiz/Lab2/777/index.php on line 12
[17-Feb-2018 08:18:00 UTC] PHP Stack trace:
[17-Feb-2018 08:18:00 UTC] PHP   1. {main}() /home/ubuntu/workspace/jzunigaruiz/Lab2/777/index.php:0
[17-Feb-2018 08:18:18 UTC] PHP Fatal error:  Call to undefined function play() in /home/ubuntu/workspace/jzunigaruiz/Lab2/777/index.php on line 12
[17-Feb-2018 08:18:18 UTC] PHP Stack trace:
[17-Feb-2018 08:18:18 UTC] PHP   1. {main}() /home/ubuntu/workspace/jzunigaruiz/Lab2/777/index.php:0
[17-Feb-2018 08:20:45 UTC] PHP Fatal error:  Cannot redeclare displaySymbol() (previously declared in /home/ubuntu/workspace/jzunigaruiz/Lab2/777/index.php:13) in /home/ubuntu/workspace/jzunigaruiz/Lab2/777/functions.php on line 2
[17-Feb-2018 08:20:45 UTC] PHP Stack trace:
[17-Feb-2018 08:20:45 UTC] PHP   1. {main}() /home/ubuntu/workspace/jzunigaruiz/Lab2/777/index.php:0
[17-Feb-2018 08:21:29 UTC] PHP Warning:  Missing argument 1 for displaySymbol(), called in /home/ubuntu/workspace/jzunigaruiz/Lab2/777/index.php on line 11 and defined in /home/ubuntu/workspace/jzunigaruiz/Lab2/777/functions.php on line 2
[17-Feb-2018 08:21:29 UTC] PHP Stack trace:
[17-Feb-2018 08:21:29 UTC] PHP   1. {main}() /home/ubuntu/workspace/jzunigaruiz/Lab2/777/index.php:0
[17-Feb-2018 08:21:29 UTC] PHP   2. displaySymbol() /home/ubuntu/workspace/jzunigaruiz/Lab2/777/index.php:11
[17-Feb-2018 08:22:34 UTC] PHP Warning:  Missing argument 1 for displaySymbol(), called in /home/ubuntu/workspace/jzunigaruiz/Lab2/777/index.php on line 11 and defined in /home/ubuntu/workspace/jzunigaruiz/Lab2/777/functions.php on line 2
[17-Feb-2018 08:22:34 UTC] PHP Stack trace:
[17-Feb-2018 08:22:34 UTC] PHP   1. {main}() /home/ubuntu/workspace/jzunigaruiz/Lab2/777/index.php:0
[17-Feb-2018 08:22:34 UTC] PHP   2. displaySymbol() /home/ubuntu/workspace/jzunigaruiz/Lab2/777/index.php:11
[17-Feb-2018 08:22:37 UTC] PHP Warning:  Missing argument 1 for displaySymbol(), called in /home/ubuntu/workspace/jzunigaruiz/Lab2/777/index.php on line 11 and defined in /home/ubuntu/workspace/jzunigaruiz/Lab2/777/functions.php on line 2
[17-Feb-2018 08:22:37 UTC] PHP Stack trace:
[17-Feb-2018 08:22:37 UTC] PHP   1. {main}() /home/ubuntu/workspace/jzunigaruiz/Lab2/777/index.php:0
[17-Feb-2018 08:22:37 UTC] PHP   2. displaySymbol() /home/ubuntu/workspace/jzunigaruiz/Lab2/777/index.php:11
[17-Feb-2018 08:22:40 UTC] PHP Warning:  Missing argument 1 for displaySymbol(), called in /home/ubuntu/workspace/jzunigaruiz/Lab2/777/index.php on line 11 and defined in /home/ubuntu/workspace/jzunigaruiz/Lab2/777/functions.php on line 2
[17-Feb-2018 08:22:40 UTC] PHP Stack trace:
[17-Feb-2018 08:22:40 UTC] PHP   1. {main}() /home/ubuntu/workspace/jzunigaruiz/Lab2/777/index.php:0
[17-Feb-2018 08:22:40 UTC] PHP   2. displaySymbol() /home/ubuntu/workspace/jzunigaruiz/Lab2/777/index.php:11
[17-Feb-2018 08:24:07 UTC] PHP Warning:  include(ifunctions.php): failed to open stream: No such file or directory in /home/ubuntu/workspace/jzunigaruiz/Lab2/777/index.php on line 10
[17-Feb-2018 08:24:07 UTC] PHP Stack trace:
[17-Feb-2018 08:24:07 UTC] PHP   1. {main}() /home/ubuntu/workspace/jzunigaruiz/Lab2/777/index.php:0
[17-Feb-2018 08:24:07 UTC] PHP Warning:  include(): Failed opening 'ifunctions.php' for inclusion (include_path='.:/usr/share/php:/usr/share/pear') in /home/ubuntu/workspace/jzunigaruiz/Lab2/777/index.php on line 10
[17-Feb-2018 08:24:07 UTC] PHP Stack trace:
[17-Feb-2018 08:24:07 UTC] PHP   1. {main}() /home/ubuntu/workspace/jzunigaruiz/Lab2/777/index.php:0
[17-Feb-2018 08:24:07 UTC] PHP Fatal error:  Call to undefined function displaySymbol() in /home/ubuntu/workspace/jzunigaruiz/Lab2/777/index.php on line 12
[17-Feb-2018 08:24:07 UTC] PHP Stack trace:
[17-Feb-2018 08:24:07 UTC] PHP   1. {main}() /home/ubuntu/workspace/jzunigaruiz/Lab2/777/index.php:0
[17-Feb-2018 08:24:22 UTC] PHP Warning:  Missing argument 1 for displaySymbol(), called in /home/ubuntu/workspace/jzunigaruiz/Lab2/777/index.php on line 12 and defined in /home/ubuntu/workspace/jzunigaruiz/Lab2/777/functions.php on line 2
[17-Feb-2018 08:24:22 UTC] PHP Stack trace:
[17-Feb-2018 08:24:22 UTC] PHP   1. {main}() /home/ubuntu/workspace/jzunigaruiz/Lab2/777/index.php:0
[17-Feb-2018 08:24:22 UTC] PHP   2. displaySymbol() /home/ubuntu/workspace/jzunigaruiz/Lab2/777/index.php:12
[17-Feb-2018 08:35:09 UTC] PHP Warning:  Missing argument 1 for displaySymbol(), called in /home/ubuntu/workspace/jzunigaruiz/Lab2/777/index.php on line 12 and defined in /home/ubuntu/workspace/jzunigaruiz/Lab2/777/functions.php on line 2
[17-Feb-2018 08:35:09 UTC] PHP Stack trace:
[17-Feb-2018 08:35:09 UTC] PHP   1. {main}() /home/ubuntu/workspace/jzunigaruiz/Lab2/777/index.php:0
[17-Feb-2018 08:35:09 UTC] PHP   2. displaySymbol() /home/ubuntu/workspace/jzunigaruiz/Lab2/777/index.php:12
[17-Feb-2018 08:35:48 UTC] PHP Warning:  Missing argument 1 for displaySymbol(), called in /home/ubuntu/workspace/jzunigaruiz/Lab2/777/index.php on line 12 and defined in /home/ubuntu/workspace/jzunigaruiz/Lab2/777/functions.php on line 2
[17-Feb-2018 08:35:48 UTC] PHP Stack trace:
[17-Feb-2018 08:35:48 UTC] PHP   1. {main}() /home/ubuntu/workspace/jzunigaruiz/Lab2/777/index.php:0
[17-Feb-2018 08:35:48 UTC] PHP   2. displaySymbol() /home/ubuntu/workspace/jzunigaruiz/Lab2/777/index.php:12
[17-Feb-2018 08:38:11 UTC] PHP Fatal error:  Cannot redeclare displaySymbol() (previously declared in /home/ubuntu/workspace/jzunigaruiz/Lab2/777/index.php:13) in /home/ubuntu/workspace/jzunigaruiz/Lab2/777/functions.php on line 2
[17-Feb-2018 08:38:11 UTC] PHP Stack trace:
[17-Feb-2018 08:38:11 UTC] PHP   1. {main}() /home/ubuntu/workspace/jzunigaruiz/Lab2/777/index.php:0
[17-Feb-2018 08:38:22 UTC] PHP Fatal error:  Call to undefined function displayPoints() in /home/ubuntu/workspace/jzunigaruiz/Lab2/777/index.php on line 35
[17-Feb-2018 08:38:22 UTC] PHP Stack trace:
[17-Feb-2018 08:38:22 UTC] PHP   1. {main}() /home/ubuntu/workspace/jzunigaruiz/Lab2/777/index.php:0
[17-Feb-2018 08:38:24 UTC] PHP Fatal error:  Call to undefined function displayPoints() in /home/ubuntu/workspace/jzunigaruiz/Lab2/777/index.php on line 35
[17-Feb-2018 08:38:24 UTC] PHP Stack trace:
[17-Feb-2018 08:38:24 UTC] PHP   1. {main}() /home/ubuntu/workspace/jzunigaruiz/Lab2/777/index.php:0
[17-Feb-2018 08:38:26 UTC] PHP Fatal error:  Call to undefined function displayPoints() in /home/ubuntu/workspace/jzunigaruiz/Lab2/777/index.php on line 35
[17-Feb-2018 08:38:26 UTC] PHP Stack trace:
[17-Feb-2018 08:38:26 UTC] PHP   1. {main}() /home/ubuntu/workspace/jzunigaruiz/Lab2/777/index.php:0
[17-Feb-2018 08:38:27 UTC] PHP Fatal error:  Call to undefined function displayPoints() in /home/ubuntu/workspace/jzunigaruiz/Lab2/777/index.php on line 35
[17-Feb-2018 08:38:27 UTC] PHP Stack trace:
[17-Feb-2018 08:38:27 UTC] PHP   1. {main}() /home/ubuntu/workspace/jzunigaruiz/Lab2/777/index.php:0
[17-Feb-2018 08:38:29 UTC] PHP Fatal error:  Call to undefined function displayPoints() in /home/ubuntu/workspace/jzunigaruiz/Lab2/777/index.php on line 35
[17-Feb-2018 08:38:29 UTC] PHP Stack trace:
[17-Feb-2018 08:38:29 UTC] PHP   1. {main}() /home/ubuntu/workspace/jzunigaruiz/Lab2/777/index.php:0
[17-Feb-2018 08:56:55 UTC] PHP Warning:  Missing argument 2 for displaySymbol(), called in /home/ubuntu/workspace/jzunigaruiz/Lab2/777/index.php on line 17 and defined in /home/ubuntu/workspace/jzunigaruiz/Lab2/777/functions.php on line 2
[17-Feb-2018 08:56:55 UTC] PHP Stack trace:
[17-Feb-2018 08:56:55 UTC] PHP   1. {main}() /home/ubuntu/workspace/jzunigaruiz/Lab2/777/index.php:0
[17-Feb-2018 08:56:55 UTC] PHP   2. displaySymbol() /home/ubuntu/workspace/jzunigaruiz/Lab2/777/index.php:17
[17-Feb-2018 08:56:55 UTC] PHP Warning:  Missing argument 2 for displaySymbol(), called in /home/ubuntu/workspace/jzunigaruiz/Lab2/777/index.php on line 17 and defined in /home/ubuntu/workspace/jzunigaruiz/Lab2/777/functions.php on line 2
[17-Feb-2018 08:56:55 UTC] PHP Stack trace:
[17-Feb-2018 08:56:55 UTC] PHP   1. {main}() /home/ubuntu/workspace/jzunigaruiz/Lab2/777/index.php:0
[17-Feb-2018 08:56:55 UTC] PHP   2. displaySymbol() /home/ubuntu/workspace/jzunigaruiz/Lab2/777/index.php:17
[17-Feb-2018 08:56:55 UTC] PHP Warning:  Missing argument 2 for displaySymbol(), called in /home/ubuntu/workspace/jzunigaruiz/Lab2/777/index.php on line 17 and defined in /home/ubuntu/workspace/jzunigaruiz/Lab2/777/functions.php on line 2
[17-Feb-2018 08:56:55 UTC] PHP Stack trace:
[17-Feb-2018 08:56:55 UTC] PHP   1. {main}() /home/ubuntu/workspace/jzunigaruiz/Lab2/777/index.php:0
[17-Feb-2018 08:56:55 UTC] PHP   2. displaySymbol() /home/ubuntu/workspace/jzunigaruiz/Lab2/777/index.php:17
[17-Feb-2018 08:56:57 UTC] PHP Warning:  Missing argument 2 for displaySymbol(), called in /home/ubuntu/workspace/jzunigaruiz/Lab2/777/index.php on line 17 and defined in /home/ubuntu/workspace/jzunigaruiz/Lab2/777/functions.php on line 2
[17-Feb-2018 08:56:57 UTC] PHP Stack trace:
[17-Feb-2018 08:56:57 UTC] PHP   1. {main}() /home/ubuntu/workspace/jzunigaruiz/Lab2/777/index.php:0
[17-Feb-2018 08:56:57 UTC] PHP   2. displaySymbol() /home/ubuntu/workspace/jzunigaruiz/Lab2/777/index.php:17
[17-Feb-2018 08:56:57 UTC] PHP Warning:  Missing argument 2 for displaySymbol(), called in /home/ubuntu/workspace/jzunigaruiz/Lab2/777/index.php on line 17 and defined in /home/ubuntu/workspace/jzunigaruiz/Lab2/777/functions.php on line 2
[17-Feb-2018 08:56:57 UTC] PHP Stack trace:
[17-Feb-2018 08:56:57 UTC] PHP   1. {main}() /home/ubuntu/workspace/jzunigaruiz/Lab2/777/index.php:0
[17-Feb-2018 08:56:57 UTC] PHP   2. displaySymbol() /home/ubuntu/workspace/jzunigaruiz/Lab2/777/index.php:17
[17-Feb-2018 08:56:57 UTC] PHP Warning:  Missing argument 2 for displaySymbol(), called in /home/ubuntu/workspace/jzunigaruiz/Lab2/777/index.php on line 17 and defined in /home/ubuntu/workspace/jzunigaruiz/Lab2/777/functions.php on line 2
[17-Feb-2018 08:56:57 UTC] PHP Stack trace:
[17-Feb-2018 08:56:57 UTC] PHP   1. {main}() /home/ubuntu/workspace/jzunigaruiz/Lab2/777/index.php:0
[17-Feb-2018 08:56:57 UTC] PHP   2. displaySymbol() /home/ubuntu/workspace/jzunigaruiz/Lab2/777/index.php:17
